# JRE version: OpenJDK Runtime Environment (8.0_362-b09) (build 1.8.0_362-b09)
# Java VM: OpenJDK 64-Bit Server VM (25.362-b09 mixed mode windows-amd64 compressed oops)
Heap:
 PSYoungGen      total 138240K, used 21130K [0x000000076de00000, 0x000000077ec00000, 0x00000007c0000000)
  eden space 128000K, 16% used [0x000000076de00000,0x000000076f2a2b98,0x0000000775b00000)
  from space 10240K, 0% used [0x0000000775b00000,0x0000000775b00000,0x0000000776500000)
  to   space 10240K, 0% used [0x000000077e200000,0x000000077e200000,0x000000077ec00000)
 ParOldGen       total 126464K, used 17481K [0x00000006c9a00000, 0x00000006d1580000, 0x000000076de00000)
  object space 126464K, 13% used [0x00000006c9a00000,0x00000006cab12780,0x00000006d1580000)
 Metaspace       used 21965K, capacity 22254K, committed 22656K, reserved 1069056K
  class space    used 2764K, capacity 2861K, committed 2944K, reserved 1048576K
GC Heap History (8 events):
Event: 0.432 GC heap before
{Heap before GC invocations=1 (full 0):
 PSYoungGen      total 74240K, used 64000K [0x000000076de00000, 0x0000000773080000, 0x00000007c0000000)
  eden space 64000K, 100% used [0x000000076de00000,0x0000000771c80000,0x0000000771c80000)
  from space 10240K, 0% used [0x0000000772680000,0x0000000772680000,0x0000000773080000)
  to   space 10240K, 0% used [0x0000000771c80000,0x0000000771c80000,0x0000000772680000)
 ParOldGen       total 169472K, used 0K [0x00000006c9a00000, 0x00000006d3f80000, 0x000000076de00000)
  object space 169472K, 0% used [0x00000006c9a00000,0x00000006c9a00000,0x00000006d3f80000)
 Metaspace       used 10175K, capacity 10316K, committed 10624K, reserved 1058816K
  class space    used 1213K, capacity 1288K, committed 1408K, reserved 1048576K
Event: 0.437 GC heap after
Heap after GC invocations=1 (full 0):
 PSYoungGen      total 74240K, used 10232K [0x000000076de00000, 0x0000000776f00000, 0x00000007c0000000)
  eden space 64000K, 0% used [0x000000076de00000,0x000000076de00000,0x0000000771c80000)
  from space 10240K, 99% used [0x0000000771c80000,0x000000077267e248,0x0000000772680000)
  to   space 10240K, 0% used [0x0000000776500000,0x0000000776500000,0x0000000776f00000)
 ParOldGen       total 169472K, used 3707K [0x00000006c9a00000, 0x00000006d3f80000, 0x000000076de00000)
  object space 169472K, 2% used [0x00000006c9a00000,0x00000006c9d9ed58,0x00000006d3f80000)
 Metaspace       used 10175K, capacity 10316K, committed 10624K, reserved 1058816K
  class space    used 1213K, capacity 1288K, committed 1408K, reserved 1048576K
}
Event: 0.826 GC heap before
{Heap before GC invocations=2 (full 0):
 PSYoungGen      total 74240K, used 74232K [0x000000076de00000, 0x0000000776f00000, 0x00000007c0000000)
  eden space 64000K, 100% used [0x000000076de00000,0x0000000771c80000,0x0000000771c80000)
  from space 10240K, 99% used [0x0000000771c80000,0x000000077267e248,0x0000000772680000)
  to   space 10240K, 0% used [0x0000000776500000,0x0000000776500000,0x0000000776f00000)
 ParOldGen       total 169472K, used 3707K [0x00000006c9a00000, 0x00000006d3f80000, 0x000000076de00000)
  object space 169472K, 2% used [0x00000006c9a00000,0x00000006c9d9ed58,0x00000006d3f80000)
 Metaspace       used 16979K, capacity 17198K, committed 17408K, reserved 1064960K
  class space    used 2143K, capacity 2227K, committed 2304K, reserved 1048576K
Event: 0.833 GC heap after
Heap after GC invocations=2 (full 0):
 PSYoungGen      total 138240K, used 10229K [0x000000076de00000, 0x0000000776f00000, 0x00000007c0000000)
  eden space 128000K, 0% used [0x000000076de00000,0x000000076de00000,0x0000000775b00000)
  from space 10240K, 99% used [0x0000000776500000,0x0000000776efd490,0x0000000776f00000)
  to   space 10240K, 0% used [0x0000000775b00000,0x0000000775b00000,0x0000000776500000)
 ParOldGen       total 169472K, used 11783K [0x00000006c9a00000, 0x00000006d3f80000, 0x000000076de00000)
  object space 169472K, 6% used [0x00000006c9a00000,0x00000006ca581c30,0x00000006d3f80000)
 Metaspace       used 16979K, capacity 17198K, committed 17408K, reserved 1064960K
  class space    used 2143K, capacity 2227K, committed 2304K, reserved 1048576K
}
Event: 1.210 GC heap before
{Heap before GC invocations=3 (full 0):
 PSYoungGen      total 138240K, used 59286K [0x000000076de00000, 0x0000000776f00000, 0x00000007c0000000)
  eden space 128000K, 38% used [0x000000076de00000,0x0000000770de8488,0x0000000775b00000)
  from space 10240K, 99% used [0x0000000776500000,0x0000000776efd490,0x0000000776f00000)
  to   space 10240K, 0% used [0x0000000775b00000,0x0000000775b00000,0x0000000776500000)
 ParOldGen       total 169472K, used 11783K [0x00000006c9a00000, 0x00000006d3f80000, 0x000000076de00000)
  object space 169472K, 6% used [0x00000006c9a00000,0x00000006ca581c30,0x00000006d3f80000)
 Metaspace       used 20811K, capacity 21060K, committed 21248K, reserved 1067008K
  class space    used 2645K, capacity 2726K, committed 2816K, reserved 1048576K
Event: 1.218 GC heap after
Heap after GC invocations=3 (full 0):
 PSYoungGen      total 138240K, used 10215K [0x000000076de00000, 0x000000077ec00000, 0x00000007c0000000)
  eden space 128000K, 0% used [0x000000076de00000,0x000000076de00000,0x0000000775b00000)
  from space 10240K, 99% used [0x0000000775b00000,0x00000007764f9f48,0x0000000776500000)
  to   space 10240K, 0% used [0x000000077e200000,0x000000077e200000,0x000000077ec00000)
 ParOldGen       total 169472K, used 17507K [0x00000006c9a00000, 0x00000006d3f80000, 0x000000076de00000)
  object space 169472K, 10% used [0x00000006c9a00000,0x00000006cab18c10,0x00000006d3f80000)
 Metaspace       used 20811K, capacity 21060K, committed 21248K, reserved 1067008K
  class space    used 2645K, capacity 2726K, committed 2816K, reserved 1048576K
}
Event: 1.218 GC heap before
{Heap before GC invocations=4 (full 1):
 PSYoungGen      total 138240K, used 10215K [0x000000076de00000, 0x000000077ec00000, 0x00000007c0000000)
  eden space 128000K, 0% used [0x000000076de00000,0x000000076de00000,0x0000000775b00000)
  from space 10240K, 99% used [0x0000000775b00000,0x00000007764f9f48,0x0000000776500000)
  to   space 10240K, 0% used [0x000000077e200000,0x000000077e200000,0x000000077ec00000)
 ParOldGen       total 169472K, used 17507K [0x00000006c9a00000, 0x00000006d3f80000, 0x000000076de00000)
  object space 169472K, 10% used [0x00000006c9a00000,0x00000006cab18c10,0x00000006d3f80000)
 Metaspace       used 20811K, capacity 21060K, committed 21248K, reserved 1067008K
  class space    used 2645K, capacity 2726K, committed 2816K, reserved 1048576K
Event: 1.243 GC heap after
Heap after GC invocations=4 (full 1):
 PSYoungGen      total 138240K, used 0K [0x000000076de00000, 0x000000077ec00000, 0x00000007c0000000)
  eden space 128000K, 0% used [0x000000076de00000,0x000000076de00000,0x0000000775b00000)
  from space 10240K, 0% used [0x0000000775b00000,0x0000000775b00000,0x0000000776500000)
  to   space 10240K, 0% used [0x000000077e200000,0x000000077e200000,0x000000077ec00000)
 ParOldGen       total 126464K, used 17481K [0x00000006c9a00000, 0x00000006d1580000, 0x000000076de00000)
  object space 126464K, 13% used [0x00000006c9a00000,0x00000006cab12780,0x00000006d1580000)
 Metaspace       used 20811K, capacity 21060K, committed 21248K, reserved 1067008K
  class space    used 2645K, capacity 2726K, committed 2816K, reserved 1048576K
}

